<?xml version="1.0" encoding="UTF-8"?>
<!-- Generated by org.testng.reporters.JUnitReportReporter -->
<testsuite skipped="2" hostname="in04009" name="com.bayer.qa.testcases.LoginPageTests" tests="3" failures="0" timestamp="2021-05-08T18:12:33 IST" time="2.877" errors="1">
  <testcase name="setUpTests" time="2.877" classname="com.bayer.qa.testcases.LoginPageTests">
    <error type="org.openqa.selenium.SessionNotCreatedException" message="session not created: This version of ChromeDriver only supports Chrome version 88
Current browser version is 90.0.4430.93 with binary path C:\Program Files (x86)\Google\Chrome\Application\chrome.exe
Build info: version: &#039;3.141.59&#039;, revision: &#039;e82be7d358&#039;, time: &#039;2018-11-14T08:17:03&#039;
System info: host: &#039;IN04009&#039;, ip: &#039;192.168.1.8&#039;, os.name: &#039;Windows 10&#039;, os.arch: &#039;amd64&#039;, os.version: &#039;10.0&#039;, java.version: &#039;1.8.0_212&#039;
Driver info: driver.version: ChromeDriver
remote stacktrace: Backtrace:
	GetHandleVerifier [0x0060B963+483]
	GetHandleVerifier [0x0060B941+449]
	GetHandleVerifier [0x009B3308+3832712]
	GetHandleVerifier [0x009CD69A+3940122]
	GetHandleVerifier [0x009C9AFB+3924859]
	GetHandleVerifier [0x009C7D9C+3917340]
	GetHandleVerifier [0x009EE7FE+4075646]
	GetHandleVerifier [0x009EE56C+4074988]
	GetHandleVerifier [0x009EB2EB+4062059]
	GetHandleVerifier [0x009CED14+3945876]
	GetHandleVerifier [0x009CFBCE+3949646]
	GetHandleVerifier [0x009CFB59+3949529]
	Ordinal0 [0x005CB5CC+46540]
	Ordinal0 [0x005C9F53+40787]
	Ordinal0 [0x005C9B12+39698]
	GetHandleVerifier [0x008D1468+2907368]
	GetHandleVerifier [0x007171EE+1096302]
	GetHandleVerifier [0x006D3E8D+821005]
	GetHandleVerifier [0x006D396B+819691]
	GetHandleVerifier [0x006D3881+819457]
	GetHandleVerifier [0x006FF463+998627]
	BaseThreadInitThunk [0x77A06359+25]
	RtlGetAppContainerNamedObjectPath [0x77CD7B74+228]
	RtlGetAppContainerNamedObjectPath [0x77CD7B44+180]
">
      <![CDATA[org.openqa.selenium.SessionNotCreatedException: session not created: This version of ChromeDriver only supports Chrome version 88
Current browser version is 90.0.4430.93 with binary path C:\Program Files (x86)\Google\Chrome\Application\chrome.exe
Build info: version: '3.141.59', revision: 'e82be7d358', time: '2018-11-14T08:17:03'
System info: host: 'IN04009', ip: '192.168.1.8', os.name: 'Windows 10', os.arch: 'amd64', os.version: '10.0', java.version: '1.8.0_212'
Driver info: driver.version: ChromeDriver
remote stacktrace: Backtrace:
GetHandleVerifier [0x0060B963+483]
GetHandleVerifier [0x0060B941+449]
GetHandleVerifier [0x009B3308+3832712]
GetHandleVerifier [0x009CD69A+3940122]
GetHandleVerifier [0x009C9AFB+3924859]
GetHandleVerifier [0x009C7D9C+3917340]
GetHandleVerifier [0x009EE7FE+4075646]
GetHandleVerifier [0x009EE56C+4074988]
GetHandleVerifier [0x009EB2EB+4062059]
GetHandleVerifier [0x009CED14+3945876]
GetHandleVerifier [0x009CFBCE+3949646]
GetHandleVerifier [0x009CFB59+3949529]
Ordinal0 [0x005CB5CC+46540]
Ordinal0 [0x005C9F53+40787]
Ordinal0 [0x005C9B12+39698]
GetHandleVerifier [0x008D1468+2907368]
GetHandleVerifier [0x007171EE+1096302]
GetHandleVerifier [0x006D3E8D+821005]
GetHandleVerifier [0x006D396B+819691]
GetHandleVerifier [0x006D3881+819457]
GetHandleVerifier [0x006FF463+998627]
BaseThreadInitThunk [0x77A06359+25]
RtlGetAppContainerNamedObjectPath [0x77CD7B74+228]
RtlGetAppContainerNamedObjectPath [0x77CD7B44+180]

at sun.reflect.NativeConstructorAccessorImpl.newInstance0(Native Method)
at sun.reflect.NativeConstructorAccessorImpl.newInstance(Unknown Source)
at sun.reflect.DelegatingConstructorAccessorImpl.newInstance(Unknown Source)
at java.lang.reflect.Constructor.newInstance(Unknown Source)
at org.openqa.selenium.remote.W3CHandshakeResponse.lambda$errorHandler$0(W3CHandshakeResponse.java:62)
at org.openqa.selenium.remote.HandshakeResponse.lambda$getResponseFunction$0(HandshakeResponse.java:30)
at org.openqa.selenium.remote.ProtocolHandshake.lambda$createSession$0(ProtocolHandshake.java:126)
at java.util.stream.ReferencePipeline$3$1.accept(Unknown Source)
at java.util.Spliterators$ArraySpliterator.tryAdvance(Unknown Source)
at java.util.stream.ReferencePipeline.forEachWithCancel(Unknown Source)
at java.util.stream.AbstractPipeline.copyIntoWithCancel(Unknown Source)
at java.util.stream.AbstractPipeline.copyInto(Unknown Source)
at java.util.stream.AbstractPipeline.wrapAndCopyInto(Unknown Source)
at java.util.stream.FindOps$FindOp.evaluateSequential(Unknown Source)
at java.util.stream.AbstractPipeline.evaluate(Unknown Source)
at java.util.stream.ReferencePipeline.findFirst(Unknown Source)
at org.openqa.selenium.remote.ProtocolHandshake.createSession(ProtocolHandshake.java:128)
at org.openqa.selenium.remote.ProtocolHandshake.createSession(ProtocolHandshake.java:74)
at org.openqa.selenium.remote.HttpCommandExecutor.execute(HttpCommandExecutor.java:136)
at org.openqa.selenium.remote.service.DriverCommandExecutor.execute(DriverCommandExecutor.java:83)
at org.openqa.selenium.remote.RemoteWebDriver.execute(RemoteWebDriver.java:552)
at org.openqa.selenium.remote.RemoteWebDriver.startSession(RemoteWebDriver.java:213)
at org.openqa.selenium.remote.RemoteWebDriver.<init>(RemoteWebDriver.java:131)
at org.openqa.selenium.chrome.ChromeDriver.<init>(ChromeDriver.java:181)
at org.openqa.selenium.chrome.ChromeDriver.<init>(ChromeDriver.java:168)
at org.openqa.selenium.chrome.ChromeDriver.<init>(ChromeDriver.java:157)
at com.bayer.qa.base.BaseBayerTest.initialization(BaseBayerTest.java:45)
at com.bayer.qa.testcases.LoginPageTests.setUpTests(LoginPageTests.java:27)
at sun.reflect.NativeMethodAccessorImpl.invoke0(Native Method)
at sun.reflect.NativeMethodAccessorImpl.invoke(Unknown Source)
at sun.reflect.DelegatingMethodAccessorImpl.invoke(Unknown Source)
at java.lang.reflect.Method.invoke(Unknown Source)
at org.testng.internal.MethodInvocationHelper.invokeMethod(MethodInvocationHelper.java:132)
at org.testng.internal.MethodInvocationHelper.invokeMethodConsideringTimeout(MethodInvocationHelper.java:61)
at org.testng.internal.ConfigInvoker.invokeConfigurationMethod(ConfigInvoker.java:366)
at org.testng.internal.ConfigInvoker.invokeConfigurations(ConfigInvoker.java:320)
at org.testng.internal.TestInvoker.runConfigMethods(TestInvoker.java:701)
at org.testng.internal.TestInvoker.invokeMethod(TestInvoker.java:527)
at org.testng.internal.TestInvoker.invokeTestMethod(TestInvoker.java:174)
at org.testng.internal.MethodRunner.runInSequence(MethodRunner.java:46)
at org.testng.internal.TestInvoker$MethodInvocationAgent.invoke(TestInvoker.java:822)
at org.testng.internal.TestInvoker.invokeTestMethods(TestInvoker.java:147)
at org.testng.internal.TestMethodWorker.invokeTestMethods(TestMethodWorker.java:146)
at org.testng.internal.TestMethodWorker.run(TestMethodWorker.java:128)
at java.util.ArrayList.forEach(Unknown Source)
at org.testng.TestRunner.privateRun(TestRunner.java:764)
at org.testng.TestRunner.run(TestRunner.java:585)
at org.testng.SuiteRunner.runTest(SuiteRunner.java:384)
at org.testng.SuiteRunner.runSequentially(SuiteRunner.java:378)
at org.testng.SuiteRunner.privateRun(SuiteRunner.java:337)
at org.testng.SuiteRunner.run(SuiteRunner.java:286)
at org.testng.SuiteRunnerWorker.runSuite(SuiteRunnerWorker.java:53)
at org.testng.SuiteRunnerWorker.run(SuiteRunnerWorker.java:96)
at org.testng.TestNG.runSuitesSequentially(TestNG.java:1218)
at org.testng.TestNG.runSuitesLocally(TestNG.java:1140)
at org.testng.TestNG.runSuites(TestNG.java:1069)
at org.testng.TestNG.run(TestNG.java:1037)
at org.testng.remote.AbstractRemoteTestNG.run(AbstractRemoteTestNG.java:115)
at org.testng.remote.RemoteTestNG.initAndRun(RemoteTestNG.java:251)
at org.testng.remote.RemoteTestNG.main(RemoteTestNG.java:77)
]]>
    </error>
  </testcase> <!-- setUpTests -->
  <system-out/>
  <testcase name="verifyHomePageTitleTest" time="0.000" classname="com.bayer.qa.testcases.LoginPageTests">
    <skipped/>
  </testcase> <!-- verifyHomePageTitleTest -->
  <system-out/>
  <testcase name="loginTest" time="0.000" classname="com.bayer.qa.testcases.LoginPageTests">
    <skipped/>
  </testcase> <!-- loginTest -->
  <system-out/>
</testsuite> <!-- com.bayer.qa.testcases.LoginPageTests -->
